Iniciando handler.php
Sessão iniciada
Iniciando handler.php
Sessão iniciada
Iniciando handler.php
Sessão iniciada
Exceção na conexão: Access denied for user 'u318144532_cambrero_users'@'147.93.38.84' (using password: YES)
Iniciando handler.php
Sessão iniciada
Conexão ao banco OK
Ação recebida: register
Dados do cadastro: André, Jorge, andrejorgesantosdejesus@gmail.com
Cadastro bem-sucedido
Script finalizado
Iniciando handler.php
Sessão iniciada
Conexão ao banco OK
Ação recebida: login
Dados do login: andrejorgesantosdejesus@gmail.com
Login bem-sucedido
Script finalizado
Iniciando handler.php
Sessão iniciada
Conexão ao banco OK
Ação recebida: login
Dados do login: andrejorgesantosdejesus@gmail.com
Senha incorreta
Script finalizado
Iniciando handler.php
Sessão iniciada
Conexão ao banco OK
Ação recebida: register
Dados do cadastro: Ana, Joquebede, ana.j.jesus6@ba.estudante.senai.br
Cadastro bem-sucedido
Script finalizado
Iniciando handler.php
Sessão iniciada
Conexão ao banco OK
Ação recebida: login
Dados do login: ana.j.jesus6@ba.estudante.senai.br
Login bem-sucedido
Script finalizado
Iniciando handler.php
Sessão iniciada
Conexão ao banco OK
Ação recebida: login
Dados do login: douglas.filho@ba.estudante.senai.br
E-mail não encontrado
Script finalizado
Iniciando handler.php
Sessão iniciada
Conexão ao banco OK
Ação recebida: login
Dados do login: douglas.filho@ba.estudante.senai.br
E-mail não encontrado
Script finalizado
Iniciando handler.php
Sessão iniciada
Conexão ao banco OK
Ação recebida: register
Dados do cadastro: Felp , Kerubim, felipettmarques@gmail.com
Cadastro bem-sucedido
Script finalizado
Iniciando handler.php
Sessão iniciada
Conexão ao banco OK
Ação recebida: login
Dados do login: felipettmarques@gmail.com
Login bem-sucedido
Script finalizado
Iniciando handler.php
Sessão iniciada
Conexão ao banco OK
Ação recebida: login
Dados do login: felipettmarques@gmail.com
Login bem-sucedido
Script finalizado
Iniciando handler.php
Sessão iniciada
Conexão ao banco OK
Ação recebida: login
Dados do login: felipettmarques@gmail.com
Login bem-sucedido
Script finalizado
Iniciando handler.php
Sessão iniciada
Conexão ao banco OK
Ação recebida: login
Dados do login: felipettmarques@gmail.com
Login bem-sucedido
Script finalizado
Iniciando handler.php
Sessão iniciada
Conexão ao banco OK
Ação recebida: register
Dados do cadastro: Douglas, Toledo, douglas.filho@ba.estudante.senai.br
Cadastro bem-sucedido
Script finalizado
Iniciando handler.php
Sessão iniciada
Conexão ao banco OK
Ação recebida: login
Dados do login: douglas.filho@ba.estudante.senai.br
Login bem-sucedido
Script finalizado
Iniciando handler.php
Sessão iniciada
Conexão ao banco OK
Ação recebida: login
Dados do login: douglas.filho@ba.estudante.senai.br
Login bem-sucedido
Script finalizado
Iniciando handler.php
Sessão iniciada
Iniciando handler.php
Sessão iniciada
Conexão ao banco OK
Ação recebida: login
Dados do login: andrejorgesantosdejesus@gmail.com
Iniciando handler.php
Conexão ao banco OK
Sessão iniciada
Ação recebida: login
Dados do login: andrejorgesantosdejesus@gmail.com
Conexão ao banco OK
Ação recebida: login
Dados do login: andrejorgesantosdejesus@gmail.com
Iniciando handler.php
Sessão iniciada
Iniciando handler.php
Conexão ao banco OK
Sessão iniciada
Ação recebida: login
Dados do login: andrejorgesantosdejesus@gmail.com
Conexão ao banco OK
Iniciando handler.php
Ação recebida: login
Dados do login: andrejorgesantosdejesus@gmail.com
Sessão iniciada
Conexão ao banco OK
Ação recebida: login
Iniciando handler.php
Dados do login: andrejorgesantosdejesus@gmail.com
Sessão iniciada
Conexão ao banco OK
Ação recebida: login
Dados do login: andrejorgesantosdejesus@gmail.com
Iniciando handler.php
Sessão iniciada
Conexão ao banco OK
Iniciando handler.php
Ação recebida: login
Dados do login: andrejorgesantosdejesus@gmail.com
Sessão iniciada
Conexão ao banco OK
Ação recebida: login
Dados do login: andrejorgesantosdejesus@gmail.com
Iniciando handler.php
Sessão iniciada
Conexão ao banco OK
Ação recebida: login
Dados do login: andrejorgesantosdejesus@gmail.com
Login bem-sucedido
Script finalizado
Login bem-sucedido
Script finalizado
Login bem-sucedido
Login bem-sucedido
Script finalizado
Script finalizado
Login bem-sucedido
Script finalizado
Login bem-sucedido
Script finalizado
Login bem-sucedido
Login bem-sucedido
Script finalizado
Script finalizado
Login bem-sucedido
Script finalizado
Login bem-sucedido
Script finalizado
Iniciando handler.php
Sessão iniciada
Conexão ao banco OK
Ação recebida: login
Dados do login: andrejorgesantosdejesus@gmail.com
Login bem-sucedido
Script finalizado
Iniciando handler.php
Sessão iniciada
Conexão ao banco OK
Ação recebida: login
Dados do login: andrejorgesantosdejesus@gmail.com
Login bem-sucedido
Script finalizado
Iniciando handler.php
Sessão iniciada
Conexão ao banco OK
Ação recebida: login
Dados do login: andrejorgesantosdejesus@gmail.com
Login bem-sucedido
Script finalizado
Iniciando handler.php
Sessão iniciada
Conexão ao banco OK
Ação recebida: login
Dados do login: andrejorgesantosdejesus@gmail.com
Senha incorreta
Script finalizado
Iniciando handler.php
Sessão iniciada
Conexão ao banco OK
Ação recebida: login
Dados do login: andrejorgesantosdejesus@gmail.com
Login bem-sucedido
Script finalizado
